# JRE version: Java(TM) SE Runtime Environment (18.0+36) (build 18+36-2087)
# Java VM: Java HotSpot(TM) 64-Bit Server VM (18+36-2087, mixed mode, sharing, tiered, compressed oops, compressed class ptrs, g1 gc, windows-amd64)
GC Precious Log:
 CardTable entry size: 512
 Card Set container configuration: InlinePtr #cards 5 size 8 Array Of Cards #cards 12 size 40 Howl #buckets 4 coarsen threshold 1843 Howl Bitmap #cards 512 size 80 coarsen threshold 460 Card regions per heap region 1 cards per card region 2048
 CPUs: 8 total, 8 available
 Memory: 8059M
 Large Page Support: Disabled
 NUMA Support: Disabled
 Compressed Oops: Enabled (32-bit)
 Heap Region Size: 1M
 Heap Min Capacity: 8M
 Heap Initial Capacity: 126M
 Heap Max Capacity: 2016M
 Pre-touch: Disabled
 Parallel Workers: 8
 Concurrent Workers: 2
 Concurrent Refinement Workers: 8
 Periodic GC: Disabled
Heap:
 garbage-first heap   total 194560K, used 186852K [0x0000000082000000, 0x0000000100000000)
  region size 1024K, 2 young (2048K), 1 survivors (1024K)
 Metaspace       used 16299K, committed 16640K, reserved 1114112K
  class space    used 2217K, committed 2432K, reserved 1048576K
GC Heap History (14 events):
Event: 0.764 GC heap before
{Heap before GC invocations=0 (full 0):
 garbage-first heap   total 129024K, used 22528K [0x0000000082000000, 0x0000000100000000)
  region size 1024K, 23 young (23552K), 0 survivors (0K)
 Metaspace       used 5717K, committed 5952K, reserved 1114112K
  class space    used 672K, committed 768K, reserved 1048576K
}
Event: 0.768 GC heap after
{Heap after GC invocations=1 (full 0):
 garbage-first heap   total 129024K, used 3312K [0x0000000082000000, 0x0000000100000000)
  region size 1024K, 3 young (3072K), 3 survivors (3072K)
 Metaspace       used 5717K, committed 5952K, reserved 1114112K
  class space    used 672K, committed 768K, reserved 1048576K
}
Event: 2.769 GC heap before
{Heap before GC invocations=1 (full 0):
 garbage-first heap   total 129024K, used 40176K [0x0000000082000000, 0x0000000100000000)
  region size 1024K, 35 young (35840K), 3 survivors (3072K)
 Metaspace       used 13422K, committed 13824K, reserved 1114112K
  class space    used 1809K, committed 1984K, reserved 1048576K
}
Event: 2.778 GC heap after
{Heap after GC invocations=2 (full 0):
 garbage-first heap   total 129024K, used 14323K [0x0000000082000000, 0x0000000100000000)
  region size 1024K, 5 young (5120K), 5 survivors (5120K)
 Metaspace       used 13422K, committed 13824K, reserved 1114112K
  class space    used 1809K, committed 1984K, reserved 1048576K
}
Event: 3.378 GC heap before
{Heap before GC invocations=2 (full 0):
 garbage-first heap   total 129024K, used 78835K [0x0000000082000000, 0x0000000100000000)
  region size 1024K, 68 young (69632K), 5 survivors (5120K)
 Metaspace       used 14960K, committed 15296K, reserved 1114112K
  class space    used 1993K, committed 2176K, reserved 1048576K
}
Event: 3.391 GC heap after
{Heap after GC invocations=3 (full 0):
 garbage-first heap   total 129024K, used 23350K [0x0000000082000000, 0x0000000100000000)
  region size 1024K, 9 young (9216K), 9 survivors (9216K)
 Metaspace       used 14960K, committed 15296K, reserved 1114112K
  class space    used 1993K, committed 2176K, reserved 1048576K
}
Event: 4.002 GC heap before
{Heap before GC invocations=3 (full 0):
 garbage-first heap   total 129024K, used 95030K [0x0000000082000000, 0x0000000100000000)
  region size 1024K, 38 young (38912K), 9 survivors (9216K)
 Metaspace       used 16299K, committed 16640K, reserved 1114112K
  class space    used 2217K, committed 2432K, reserved 1048576K
}
Event: 4.010 GC heap after
{Heap after GC invocations=4 (full 0):
 garbage-first heap   total 129024K, used 68426K [0x0000000082000000, 0x0000000100000000)
  region size 1024K, 3 young (3072K), 3 survivors (3072K)
 Metaspace       used 16299K, committed 16640K, reserved 1114112K
  class space    used 2217K, committed 2432K, reserved 1048576K
}
Event: 4.160 GC heap before
{Heap before GC invocations=5 (full 0):
 garbage-first heap   total 158720K, used 156490K [0x0000000082000000, 0x0000000100000000)
  region size 1024K, 12 young (12288K), 3 survivors (3072K)
 Metaspace       used 16299K, committed 16640K, reserved 1114112K
  class space    used 2217K, committed 2432K, reserved 1048576K
}
Event: 4.162 GC heap after
{Heap after GC invocations=6 (full 0):
 garbage-first heap   total 161792K, used 148195K [0x0000000082000000, 0x0000000100000000)
  region size 1024K, 3 young (3072K), 3 survivors (3072K)
 Metaspace       used 16299K, committed 16640K, reserved 1114112K
  class space    used 2217K, committed 2432K, reserved 1048576K
}
Event: 4.235 GC heap before
{Heap before GC invocations=6 (full 0):
 garbage-first heap   total 188416K, used 184035K [0x0000000082000000, 0x0000000100000000)
  region size 1024K, 7 young (7168K), 3 survivors (3072K)
 Metaspace       used 16299K, committed 16640K, reserved 1114112K
  class space    used 2217K, committed 2432K, reserved 1048576K
}
Event: 4.240 GC heap after
{Heap after GC invocations=7 (full 0):
 garbage-first heap   total 190464K, used 180704K [0x0000000082000000, 0x0000000100000000)
  region size 1024K, 1 young (1024K), 1 survivors (1024K)
 Metaspace       used 16299K, committed 16640K, reserved 1114112K
  class space    used 2217K, committed 2432K, reserved 1048576K
}
Event: 4.243 GC heap before
{Heap before GC invocations=7 (full 0):
 garbage-first heap   total 190464K, used 180704K [0x0000000082000000, 0x0000000100000000)
  region size 1024K, 2 young (2048K), 1 survivors (1024K)
 Metaspace       used 16299K, committed 16640K, reserved 1114112K
  class space    used 2217K, committed 2432K, reserved 1048576K
}
Event: 4.243 GC heap after
{Heap after GC invocations=8 (full 0):
 garbage-first heap   total 190464K, used 180708K [0x0000000082000000, 0x0000000100000000)
  region size 1024K, 1 young (1024K), 1 survivors (1024K)
 Metaspace       used 16299K, committed 16640K, reserved 1114112K
  class space    used 2217K, committed 2432K, reserved 1048576K
}

